Number of matched data between NIST and Experimental: 2167
Number of missing data between NIST and Experimental: 24

>>> LIQUID PHASE <<<

Best Hyperparameters for liquid state for Adaboost with Ridge: {'learning_rate': 1.0, 'loss': 'linear', 'n_estimators': 50, 'random_state': 42}.

 > Train data <
Metrics for liquid phase:
MAPE: 11.0%
MAE: 6.561872
MSE: 196.243579
RMSE: 14.008697
R2: 0.8823

 > Test data <
Metrics for liquid phase:
MAPE: 3.0%
MAE: 5.70453
MSE: 64.438454
RMSE: 8.027357
R2: 0.960058


>>> VAPOR PHASE <<<

Best Hyperparameters for vapor state for Adaboost with Decision Ridge: {'learning_rate': 1.0, 'loss': 'linear', 'n_estimators': 50, 'random_state': 42}.

 > Train data <
Metrics for vapor phase:
MAPE: 82.0%
MAE: 11.68115
MSE: 1386.112531
RMSE: 37.230532
R2: 0.110486

 > Test data <
Metrics for vapor phase:
MAPE: 24.0%
MAE: 7.302071
MSE: 138.855828
RMSE: 11.78371
R2: 0.383919


>>> SUPERCRITICAL PHASE <<<

Best Hyperparameters for supercritical state for Adaboost with Ridge: {'learning_rate': 0.01, 'loss': 'linear', 'n_estimators': 50, 'random_state': 42}.

 > Train data <
Metrics for supercritical phase:
MAPE: 23.0%
MAE: 14.035025
MSE: 376.050407
RMSE: 19.392019
R2: 0.628277

 > Test data <
Metrics for supercritical phase:
MAPE: 21.0%
MAE: 13.284626
MSE: 363.497116
RMSE: 19.0656
R2: 0.60152


Below metrics encompass all data.
*** Cross-Validation Metrics ***Liquid Phase - RMSE (mean): 11.465218665749848
RMSE (std): 7.579623390431173
Vapor Phase - RMSE (mean): 19.157475957089822
RMSE (std): 29.209254250927664
Supercritical Phase - RMSE (mean): 22.691523363213026
RMSE (std): 17.099828884274704


>>> Liquid <<<

Metrics for liquid (NIST) phase:
MAPE: 7.000000000000001%
MAE: 4.3137
MSE: 139.263091
RMSE: 11.800978
R2: 0.916407

Metrics for liquid (Model) phase:
MAPE: 10.0%
MAE: 7.231836
MSE: 189.604546
RMSE: 13.769697
R2: 0.88619
>>> Vapor <<<

Metrics for vapor (NIST) phase:
MAPE: 39.0%
MAE: 5.153323
MSE: 1110.284118
RMSE: 33.320926
R2: 0.143672

Metrics for vapor (Model) phase:
MAPE: 68.0%
MAE: 10.378716
MSE: 1212.123213
RMSE: 34.81556
R2: 0.065126
>>> Supercritical <<<

Metrics for supercritical (NIST) phase:
MAPE: 6.0%
MAE: 3.141762
MSE: 138.697512
RMSE: 11.776991
R2: 0.860208

Metrics for supercritical (Model) phase:
MAPE: 27.0%
MAE: 18.010945
MSE: 804.856365
RMSE: 28.369991
R2: 0.18879


Below metrics encompass all data.
	Comparison NIST x Model
>>> Liquid <<<

Metrics for NIST x Model phase:
MAPE: 5.0%
MAE: 5.222189
MSE: 64.685804
RMSE: 8.042749
R2: 0.958497
>>> Vapor <<<

Metrics for vapor (NIST) phase:
MAPE: 19.0%
MAE: 5.63374
MSE: 58.143772
RMSE: 7.625206
R2: 0.653737
>>> Supercritical <<<

Metrics for supercritical (NIST) phase:
MAPE: 24.0%
MAE: 16.378428
MSE: 641.072714
RMSE: 25.319414
R2: 0.307104
