Number of matched data between NIST and Experimental: 2167
Number of missing data between NIST and Experimental: 24

>>> LIQUID PHASE <<<

Best Hyperparameters for liquid state for Adaboost with Lasso: {'learning_rate': 0.01, 'loss': 'exponential', 'n_estimators': 50, 'random_state': 42}.

 > Train data <
Metrics for liquid phase:
MAPE: 10.0%
MAE: 6.372271
MSE: 193.459628
RMSE: 13.908977
R2: 0.88397

 > Test data <
Metrics for liquid phase:
MAPE: 3.0%
MAE: 5.557747
MSE: 68.81638
RMSE: 8.295564
R2: 0.957344


>>> VAPOR PHASE <<<

Best Hyperparameters for vapor state for Adaboost with Decision Lasso: {'learning_rate': 1.0, 'loss': 'linear', 'n_estimators': 50, 'random_state': 42}.

 > Train data <
Metrics for vapor phase:
MAPE: 83.0%
MAE: 11.794311
MSE: 1385.282611
RMSE: 37.219385
R2: 0.111019

 > Test data <
Metrics for vapor phase:
MAPE: 24.0%
MAE: 7.418076
MSE: 143.969043
RMSE: 11.99871
R2: 0.361233


>>> SUPERCRITICAL PHASE <<<

Best Hyperparameters for supercritical state for Adaboost with Lasso: {'learning_rate': 0.01, 'loss': 'exponential', 'n_estimators': 50, 'random_state': 42}.

 > Train data <
Metrics for supercritical phase:
MAPE: 23.0%
MAE: 14.013059
MSE: 376.664388
RMSE: 19.407843
R2: 0.62767

 > Test data <
Metrics for supercritical phase:
MAPE: 20.0%
MAE: 13.25676
MSE: 363.983438
RMSE: 19.07835
R2: 0.600987


Below metrics encompass all data.
>>> Liquid <<<

Metrics for liquid (NIST) phase:
MAPE: 7.000000000000001%
MAE: 4.3137
MSE: 139.263091
RMSE: 11.800978
R2: 0.916407

Metrics for liquid (Model) phase:
MAPE: 9.0%
MAE: 6.194312
MSE: 171.556471
RMSE: 13.097957
R2: 0.897023
>>> Vapor <<<

Metrics for vapor (NIST) phase:
MAPE: 39.0%
MAE: 5.153323
MSE: 1110.284118
RMSE: 33.320926
R2: 0.143672

Metrics for vapor (Model) phase:
MAPE: 69.0%
MAE: 10.438088
MSE: 1160.183358
RMSE: 34.061464
R2: 0.105186
>>> Supercritical <<<

Metrics for supercritical (NIST) phase:
MAPE: 6.0%
MAE: 3.141762
MSE: 138.697512
RMSE: 11.776991
R2: 0.860208

Metrics for supercritical (Model) phase:
MAPE: 23.0%
MAE: 13.761213
MSE: 376.442271
RMSE: 19.40212
R2: 0.620586


Below metrics encompass all data.
	Comparison NIST x Model
>>> Liquid <<<

Metrics for NIST x Model phase:
MAPE: 4.0%
MAE: 4.206823
MSE: 52.043049
RMSE: 7.214087
R2: 0.966609
>>> Vapor <<<

Metrics for vapor (NIST) phase:
MAPE: 19.0%
MAE: 5.836384
MSE: 57.477275
RMSE: 7.581377
R2: 0.657706
>>> Supercritical <<<

Metrics for supercritical (NIST) phase:
MAPE: 19.0%
MAE: 12.287206
MSE: 239.017983
RMSE: 15.460206
R2: 0.74166
