Number of matched data between NIST and Experimental: 2167
Number of missing data between NIST and Experimental: 24

>>> LIQUID PHASE <<<

Best Hyperparameters for liquid state for Adaboost with Decision Tree: {'learning_rate': 0.1, 'loss': 'huber', 'max_depth': 4, 'min_samples_leaf': 3, 'min_samples_split': 2, 'n_estimators': 200, 'random_state': 42}.

 > Train data <
Metrics for liquid phase:
MAPE: 7.000000000000001%
MAE: 1.588731
MSE: 126.16938
RMSE: 11.232514
R2: 0.924328

 > Test data <
Metrics for liquid phase:
MAPE: 2.0%
MAE: 3.514934
MSE: 44.413342
RMSE: 6.664334
R2: 0.97247


>>> VAPOR PHASE <<<

Best Hyperparameters for vapor state for Adaboost with Decision Tree: {'learning_rate': 1.0, 'loss': 'quantile', 'max_depth': 5, 'min_samples_leaf': 1, 'min_samples_split': 4, 'n_estimators': 50, 'random_state': 42}.

 > Train data <
Metrics for vapor phase:
MAPE: 66.0%
MAE: 4.286364
MSE: 497.236947
RMSE: 22.29881
R2: 0.680907

 > Test data <
Metrics for vapor phase:
MAPE: 7.000000000000001%
MAE: 2.063133
MSE: 13.487074
RMSE: 3.672475
R2: 0.94016


>>> SUPERCRITICAL PHASE <<<

Best Hyperparameters for supercritical state for Adaboost with Decision Tree: {'learning_rate': 0.1, 'loss': 'huber', 'max_depth': 5, 'min_samples_leaf': 3, 'min_samples_split': 2, 'n_estimators': 200, 'random_state': 42}.

 > Train data <
Metrics for supercritical phase:
MAPE: 2.0%
MAE: 0.50672
MSE: 2.793914
RMSE: 1.6715
R2: 0.997238

 > Test data <
Metrics for supercritical phase:
MAPE: 2.0%
MAE: 1.153924
MSE: 6.573988
RMSE: 2.563979
R2: 0.992793


Below metrics encompass all data.
>>> Liquid <<<

Metrics for liquid (NIST) phase:
MAPE: 7.000000000000001%
MAE: 4.3137
MSE: 139.263091
RMSE: 11.800978
R2: 0.916407

Metrics for liquid (Model) phase:
MAPE: 7.000000000000001%
MAE: 2.77667
MSE: 133.201192
RMSE: 11.541282
R2: 0.920046
>>> Vapor <<<

Metrics for vapor (NIST) phase:
MAPE: 39.0%
MAE: 5.153323
MSE: 1110.284118
RMSE: 33.320926
R2: 0.143672

Metrics for vapor (Model) phase:
MAPE: 48.0%
MAE: 4.644246
MSE: 590.898093
RMSE: 24.308396
R2: 0.544258
>>> Supercritical <<<

Metrics for supercritical (NIST) phase:
MAPE: 6.0%
MAE: 3.141762
MSE: 138.697512
RMSE: 11.776991
R2: 0.860208

Metrics for supercritical (Model) phase:
MAPE: 3.0%
MAE: 1.332826
MSE: 21.72706
RMSE: 4.661229
R2: 0.978101


Below metrics encompass all data.
	Comparison NIST x Model
>>> Liquid <<<

Metrics for NIST x Model phase:
MAPE: 4.0%
MAE: 3.989524
MSE: 58.069171
RMSE: 7.620313
R2: 0.962742
>>> Vapor <<<

Metrics for vapor (NIST) phase:
MAPE: 22.0%
MAE: 7.532641
MSE: 1351.907033
RMSE: 36.768288
R2: -7.051002
>>> Supercritical <<<

Metrics for supercritical (NIST) phase:
MAPE: 5.0%
MAE: 3.375072
MSE: 124.827069
RMSE: 11.172603
R2: 0.865082
