Number of matched data between NIST and Experimental: 2167
Number of missing data between NIST and Experimental: 24

>>> LIQUID PHASE <<<

Best Hyperparameters for liquid state for Adaboost with Decision Tree: {'learning_rate': 0.1, 'loss': 'huber', 'max_depth': 4, 'min_samples_leaf': 3, 'min_samples_split': 2, 'n_estimators': 200, 'random_state': 42}.

 > Train data <
Metrics for liquid phase:
MAPE: 7.000000000000001%
MAE: 1.588731
MSE: 126.16938
RMSE: 11.232514
R2: 0.924328

 > Test data <
Metrics for liquid phase:
MAPE: 2.0%
MAE: 3.514934
MSE: 44.413342
RMSE: 6.664334
R2: 0.97247


>>> VAPOR PHASE <<<

Best Hyperparameters for vapor state for Adaboost with Decision Tree: {'learning_rate': 1.0, 'loss': 'huber', 'max_depth': 5, 'min_samples_leaf': 3, 'min_samples_split': 2, 'n_estimators': 100, 'random_state': 42}.

 > Train data <
Metrics for vapor phase:
MAPE: 24.0%
MAE: 1.144941
MSE: 205.258506
RMSE: 14.326846
R2: 0.868279

 > Test data <
Metrics for vapor phase:
MAPE: 1.0%
MAE: 0.426999
MSE: 0.569845
RMSE: 0.754881
R2: 0.997472


>>> SUPERCRITICAL PHASE <<<

Best Hyperparameters for supercritical state for Adaboost with Decision Tree: {'learning_rate': 0.1, 'loss': 'huber', 'max_depth': 5, 'min_samples_leaf': 3, 'min_samples_split': 2, 'n_estimators': 200, 'random_state': 42}.

 > Train data <
Metrics for supercritical phase:
MAPE: 2.0%
MAE: 0.50672
MSE: 2.793914
RMSE: 1.6715
R2: 0.997238

 > Test data <
Metrics for supercritical phase:
MAPE: 2.0%
MAE: 1.153924
MSE: 6.573988
RMSE: 2.563979
R2: 0.992793


Below metrics encompass all data.
>>> Liquid <<<

Metrics for liquid (NIST) phase:
MAPE: 7.000000000000001%
MAE: 4.3137
MSE: 139.263091
RMSE: 11.800978
R2: 0.916407

Metrics for liquid (Model) phase:
MAPE: 10.0%
MAE: 7.791744
MSE: 215.999884
RMSE: 14.696935
R2: 0.870346
>>> Vapor <<<

Metrics for vapor (NIST) phase:
MAPE: 39.0%
MAE: 5.153323
MSE: 1110.284118
RMSE: 33.320926
R2: 0.143672

Metrics for vapor (Model) phase:
MAPE: 51.0%
MAE: 10.00074
MSE: 2194.723456
RMSE: 46.847876
R2: -0.692723
>>> Supercritical <<<

Metrics for supercritical (NIST) phase:
MAPE: 6.0%
MAE: 3.141762
MSE: 138.697512
RMSE: 11.776991
R2: 0.860208

Metrics for supercritical (Model) phase:
MAPE: 8.0%
MAE: 5.287654
MSE: 257.586071
RMSE: 16.049488
R2: 0.74038


Below metrics encompass all data.
	Comparison NIST x Model
>>> Liquid <<<

Metrics for NIST x Model phase:
MAPE: 5.0%
MAE: 5.327281
MSE: 69.573268
RMSE: 8.341059
R2: 0.955361
>>> Vapor <<<

Metrics for vapor (NIST) phase:
MAPE: 16.0%
MAE: 5.214263
MSE: 1056.268639
RMSE: 32.500287
R2: -5.290389
>>> Supercritical <<<

Metrics for supercritical (NIST) phase:
MAPE: 5.0%
MAE: 3.37531
MSE: 62.828223
RMSE: 7.926426
R2: 0.932093
