Number of matched data between NIST and Experimental: 2167
Number of missing data between NIST and Experimental: 24

>>> LIQUID PHASE <<<

Best Hyperparameters for liquid state for Adaboost with Lasso: {'learning_rate': 1.0, 'loss': 'linear', 'n_estimators': 50, 'random_state': 42}.

 > Train data <
Metrics for liquid phase:
MAPE: 11.0%
MAE: 6.561492
MSE: 196.236463
RMSE: 14.008443
R2: 0.882305

 > Test data <
Metrics for liquid phase:
MAPE: 3.0%
MAE: 5.705648
MSE: 64.481458
RMSE: 8.030035
R2: 0.960031


>>> VAPOR PHASE <<<

Best Hyperparameters for vapor state for Adaboost with Decision Lasso: {'learning_rate': 1.0, 'loss': 'linear', 'n_estimators': 50, 'random_state': 42}.

 > Train data <
Metrics for vapor phase:
MAPE: 83.0%
MAE: 11.794311
MSE: 1385.282611
RMSE: 37.219385
R2: 0.111019

 > Test data <
Metrics for vapor phase:
MAPE: 24.0%
MAE: 7.418076
MSE: 143.969043
RMSE: 11.99871
R2: 0.361233


>>> SUPERCRITICAL PHASE <<<

Best Hyperparameters for supercritical state for Adaboost with Lasso: {'learning_rate': 0.01, 'loss': 'linear', 'n_estimators': 50, 'random_state': 42}.

 > Train data <
Metrics for supercritical phase:
MAPE: 23.0%
MAE: 14.042866
MSE: 376.127869
RMSE: 19.394016
R2: 0.628201

 > Test data <
Metrics for supercritical phase:
MAPE: 21.0%
MAE: 13.289305
MSE: 363.532086
RMSE: 19.066517
R2: 0.601482


Below metrics encompass all data.
*** Cross-Validation Metrics ***Liquid Phase - RMSE (mean): 11.46166951149631
RMSE (std): 7.583371264922387
Vapor Phase - RMSE (mean): 18.957384348005604
RMSE (std): 29.12720158138106
Supercritical Phase - RMSE (mean): 22.68542017579787
RMSE (std): 17.04569831553531


>>> Liquid <<<

Metrics for liquid (NIST) phase:
MAPE: 7.000000000000001%
MAE: 4.3137
MSE: 139.263091
RMSE: 11.800978
R2: 0.916407

Metrics for liquid (Model) phase:
MAPE: 10.0%
MAE: 7.229517
MSE: 189.576688
RMSE: 13.768685
R2: 0.886207
>>> Vapor <<<

Metrics for vapor (NIST) phase:
MAPE: 39.0%
MAE: 5.153323
MSE: 1110.284118
RMSE: 33.320926
R2: 0.143672

Metrics for vapor (Model) phase:
MAPE: 67.0%
MAE: 10.208534
MSE: 1199.784862
RMSE: 34.637911
R2: 0.074642
>>> Supercritical <<<

Metrics for supercritical (NIST) phase:
MAPE: 6.0%
MAE: 3.141762
MSE: 138.697512
RMSE: 11.776991
R2: 0.860208

Metrics for supercritical (Model) phase:
MAPE: 27.0%
MAE: 18.004616
MSE: 802.745682
RMSE: 28.332767
R2: 0.190917


Below metrics encompass all data.
	Comparison NIST x Model
>>> Liquid <<<

Metrics for NIST x Model phase:
MAPE: 5.0%
MAE: 5.21915
MSE: 64.685181
RMSE: 8.04271
R2: 0.958498
>>> Vapor <<<

Metrics for vapor (NIST) phase:
MAPE: 18.0%
MAE: 5.476667
MSE: 54.030265
RMSE: 7.350528
R2: 0.678234
>>> Supercritical <<<

Metrics for supercritical (NIST) phase:
MAPE: 24.0%
MAE: 16.372879
MSE: 639.075985
RMSE: 25.279952
R2: 0.309262
