Number of matched data between NIST and Experimental: 2167
Number of missing data between NIST and Experimental: 24

>>> LIQUID PHASE <<<

Best Hyperparameters for liquid state for RandomForest: {'bootstrap': True, 'max_depth': 10, 'min_samples_leaf': 1, 'min_samples_split': 2, 'n_estimators': 100}.

 > Train data <
Metrics for liquid phase:
MAPE: 4.0%
MAE: 1.679866
MSE: 34.08671
RMSE: 5.838383
R2: 0.979556

 > Test data <
Metrics for liquid phase:
MAPE: 3.0%
MAE: 4.401401
MSE: 58.936562
RMSE: 7.677015
R2: 0.963468


>>> VAPOR PHASE <<<

Best Hyperparameters for vapor state for Random Forest: {'bootstrap': False, 'max_depth': None, 'min_samples_leaf': 2, 'min_samples_split': 10, 'n_estimators': 300}.

 > Train data <
Metrics for vapor phase:
MAPE: 30.0%
MAE: 3.573048
MSE: 348.887817
RMSE: 18.678539
R2: 0.776107

 > Test data <
Metrics for vapor phase:
MAPE: 4.0%
MAE: 1.142955
MSE: 14.701953
RMSE: 3.834313
R2: 0.93477


>>> SUPERCRITICAL PHASE <<<

Best Hyperparameters for supercritical state for RandomForest: {'bootstrap': True, 'max_depth': None, 'min_samples_leaf': 2, 'min_samples_split': 2, 'n_estimators': 300}.

 > Train data <
Metrics for supercritical phase:
MAPE: 3.0%
MAE: 1.107063
MSE: 12.272492
RMSE: 3.503212
R2: 0.987869

 > Test data <
Metrics for supercritical phase:
MAPE: 3.0%
MAE: 1.682092
MSE: 26.492703
RMSE: 5.147106
R2: 0.970958


Below metrics encompass all data.
*** Cross-Validation Metrics ***Liquid Phase - RMSE (mean): 15.030355200433956
RMSE (std): 9.667542268737655
Vapor Phase - RMSE (mean): 27.065769301168082
RMSE (std): 32.68374905975755
Supercritical Phase - RMSE (mean): 10.005979523633277
RMSE (std): 12.346855353187228


>>> Liquid <<<

Metrics for liquid (NIST) phase:
MAPE: 7.000000000000001%
MAE: 4.3137
MSE: 139.263091
RMSE: 11.800978
R2: 0.916407

Metrics for liquid (Model) phase:
MAPE: 11.0%
MAE: 8.863701
MSE: 318.18157
RMSE: 17.837645
R2: 0.809012
>>> Vapor <<<

Metrics for vapor (NIST) phase:
MAPE: 39.0%
MAE: 5.153323
MSE: 1110.284118
RMSE: 33.320926
R2: 0.143672

Metrics for vapor (Model) phase:
MAPE: 52.0%
MAE: 9.735672
MSE: 1788.562801
RMSE: 42.291403
R2: -0.379464
>>> Supercritical <<<

Metrics for supercritical (NIST) phase:
MAPE: 6.0%
MAE: 3.141762
MSE: 138.697512
RMSE: 11.776991
R2: 0.860208

Metrics for supercritical (Model) phase:
MAPE: 9.0%
MAE: 5.706582
MSE: 252.576402
RMSE: 15.892652
R2: 0.74543


Below metrics encompass all data.
	Comparison NIST x Model
>>> Liquid <<<

Metrics for NIST x Model phase:
MAPE: 5.0%
MAE: 6.51599
MSE: 159.510773
RMSE: 12.629757
R2: 0.897657
>>> Vapor <<<

Metrics for vapor (NIST) phase:
MAPE: 15.0%
MAE: 4.925827
MSE: 651.31653
RMSE: 25.520904
R2: -2.878781
>>> Supercritical <<<

Metrics for supercritical (NIST) phase:
MAPE: 5.0%
MAE: 3.592172
MSE: 53.445444
RMSE: 7.310639
R2: 0.942234
