Number of matched data between NIST and Experimental: 2167
Number of missing data between NIST and Experimental: 24

>>> LIQUID PHASE <<<

Best Hyperparameters for liquid state for Adaboost with Ridge: {'learning_rate': 0.01, 'loss': 'exponential', 'n_estimators': 50, 'random_state': 42}.

 > Train data <
Metrics for liquid phase:
MAPE: 10.0%
MAE: 6.370715
MSE: 193.432873
RMSE: 13.908015
R2: 0.883986

 > Test data <
Metrics for liquid phase:
MAPE: 3.0%
MAE: 5.556553
MSE: 68.755537
RMSE: 8.291896
R2: 0.957382


>>> VAPOR PHASE <<<

Best Hyperparameters for vapor state for Adaboost with Decision Ridge: {'learning_rate': 1.0, 'loss': 'linear', 'n_estimators': 50, 'random_state': 42}.

 > Train data <
Metrics for vapor phase:
MAPE: 82.0%
MAE: 11.68115
MSE: 1386.112531
RMSE: 37.230532
R2: 0.110486

 > Test data <
Metrics for vapor phase:
MAPE: 24.0%
MAE: 7.302071
MSE: 138.855828
RMSE: 11.78371
R2: 0.383919


>>> SUPERCRITICAL PHASE <<<

Best Hyperparameters for supercritical state for Adaboost with Ridge: {'learning_rate': 0.01, 'loss': 'exponential', 'n_estimators': 50, 'random_state': 42}.

 > Train data <
Metrics for supercritical phase:
MAPE: 23.0%
MAE: 14.010349
MSE: 376.686988
RMSE: 19.408426
R2: 0.627648

 > Test data <
Metrics for supercritical phase:
MAPE: 20.0%
MAE: 13.257737
MSE: 364.121561
RMSE: 19.08197
R2: 0.600836


Below metrics encompass all data.
*** Cross-Validation Metrics ***Liquid Phase - RMSE (mean): 6.195540900764145
RMSE (std): 11.543930294769817
Vapor Phase - RMSE (mean): 10.574732443282846
RMSE (std): 32.542256833612
Supercritical Phase - RMSE (mean): 13.759331828392325
RMSE (std): 13.683922172822312


>>> Liquid <<<

Metrics for liquid (NIST) phase:
MAPE: 7.000000000000001%
MAE: 4.3137
MSE: 139.263091
RMSE: 11.800978
R2: 0.916407

Metrics for liquid (Model) phase:
MAPE: 9.0%
MAE: 6.195541
MSE: 171.647054
RMSE: 13.101414
R2: 0.896969
>>> Vapor <<<

Metrics for vapor (NIST) phase:
MAPE: 39.0%
MAE: 5.153323
MSE: 1110.284118
RMSE: 33.320926
R2: 0.143672

Metrics for vapor (Model) phase:
MAPE: 70.0%
MAE: 10.574732
MSE: 1170.823446
RMSE: 34.217297
R2: 0.09698
>>> Supercritical <<<

Metrics for supercritical (NIST) phase:
MAPE: 6.0%
MAE: 3.141762
MSE: 138.697512
RMSE: 11.776991
R2: 0.860208

Metrics for supercritical (Model) phase:
MAPE: 23.0%
MAE: 13.759332
MSE: 376.568938
RMSE: 19.405384
R2: 0.620458


Below metrics encompass all data.
	Comparison NIST x Model
>>> Liquid <<<

Metrics for NIST x Model phase:
MAPE: 4.0%
MAE: 4.196994
MSE: 51.865675
RMSE: 7.201783
R2: 0.966723
>>> Vapor <<<

Metrics for vapor (NIST) phase:
MAPE: 19.0%
MAE: 5.958233
MSE: 62.025309
RMSE: 7.875615
R2: 0.630621
>>> Supercritical <<<

Metrics for supercritical (NIST) phase:
MAPE: 19.0%
MAE: 12.28295
MSE: 239.031466
RMSE: 15.460642
R2: 0.741646
